2024-10-11 12:22:15 [main] INFO  com.shop.shop.management.domain.service.ProductService - Fetching product Test Product
2024-10-11 12:22:15 [main] INFO  com.shop.shop.management.domain.service.ProductService - Saving product with name Test Product
2024-10-11 12:22:15 [main] INFO  com.shop.shop.management.domain.service.ProductService - Changing price for product Test Product
2024-10-11 12:22:15 [main] INFO  com.shop.shop.management.domain.service.ProductService - Changing price for product Test Product
2024-10-11 12:22:15 [main] INFO  com.shop.shop.management.domain.service.ProductService - Fetching product Test Product
2024-10-11 12:22:15 [main] INFO  com.shop.shop.management.domain.service.ProductService - Changing price for product Test Product
2024-10-11 12:22:15 [main] INFO  com.shop.shop.management.domain.service.ProductService - Changing price for product Test Product
2024-10-11 12:22:15 [main] INFO  com.shop.shop.management.domain.service.ProductService - Changing price for product Test Product
2024-10-11 12:22:15 [main] INFO  com.shop.shop.management.domain.service.ProductService - Fetching product Test Product
2024-10-11 12:22:15 [main] INFO  com.shop.shop.management.domain.service.ProductService - Saving product with name Test Product
2024-10-11 12:22:35 [background-preinit] INFO  org.hibernate.validator.internal.util.Version - HV000001: Hibernate Validator 8.0.1.Final
2024-10-11 12:22:35 [main] INFO  com.shop.shop.management.ShopManagementApplication - Starting ShopManagementApplication using Java 17.0.10 with PID 20612 (/Users/adiaconu/Desktop/shop-management/target/classes started by adiaconu in /Users/adiaconu/Desktop/shop-management)
2024-10-11 12:22:35 [main] INFO  com.shop.shop.management.ShopManagementApplication - No active profile set, falling back to 1 default profile: "default"
2024-10-11 12:22:35 [main] INFO  org.springframework.data.repository.config.RepositoryConfigurationDelegate - Bootstrapping Spring Data JPA repositories in DEFAULT mode.
2024-10-11 12:22:35 [main] INFO  org.springframework.data.repository.config.RepositoryConfigurationDelegate - Finished Spring Data repository scanning in 17 ms. Found 2 JPA repository interfaces.
2024-10-11 12:22:36 [main] INFO  org.springframework.boot.web.embedded.tomcat.TomcatWebServer - Tomcat initialized with port 8080 (http)
2024-10-11 12:22:36 [main] INFO  org.apache.coyote.http11.Http11NioProtocol - Initializing ProtocolHandler ["http-nio-8080"]
2024-10-11 12:22:36 [main] INFO  org.apache.catalina.core.StandardService - Starting service [Tomcat]
2024-10-11 12:22:36 [main] INFO  org.apache.catalina.core.StandardEngine - Starting Servlet engine: [Apache Tomcat/10.1.30]
2024-10-11 12:22:36 [main] INFO  org.apache.catalina.core.ContainerBase.[Tomcat].[localhost].[/] - Initializing Spring embedded WebApplicationContext
2024-10-11 12:22:36 [main] INFO  org.springframework.boot.web.servlet.context.ServletWebServerApplicationContext - Root WebApplicationContext: initialization completed in 433 ms
2024-10-11 12:22:36 [main] INFO  org.hibernate.jpa.internal.util.LogHelper - HHH000204: Processing PersistenceUnitInfo [name: default]
2024-10-11 12:22:36 [main] INFO  org.hibernate.Version - HHH000412: Hibernate ORM core version 6.5.3.Final
2024-10-11 12:22:36 [main] INFO  org.hibernate.cache.internal.RegionFactoryInitiator - HHH000026: Second-level cache disabled
2024-10-11 12:22:36 [main] INFO  org.springframework.orm.jpa.persistenceunit.SpringPersistenceUnitInfo - No LoadTimeWeaver setup: ignoring JPA class transformer
2024-10-11 12:22:36 [main] INFO  com.zaxxer.hikari.HikariDataSource - HikariPool-1 - Starting...
2024-10-11 12:22:36 [main] INFO  com.zaxxer.hikari.pool.HikariPool - HikariPool-1 - Added connection org.postgresql.jdbc.PgConnection@3cdfbbef
2024-10-11 12:22:36 [main] INFO  com.zaxxer.hikari.HikariDataSource - HikariPool-1 - Start completed.
2024-10-11 12:22:36 [main] WARN  org.hibernate.orm.deprecation - HHH90000025: PostgreSQLDialect does not need to be specified explicitly using 'hibernate.dialect' (remove the property setting and it will be selected by default)
2024-10-11 12:22:36 [main] INFO  org.hibernate.engine.transaction.jta.platform.internal.JtaPlatformInitiator - HHH000489: No JTA platform available (set 'hibernate.transaction.jta.platform' to enable JTA platform integration)
2024-10-11 12:22:36 [main] INFO  org.springframework.orm.jpa.LocalContainerEntityManagerFactoryBean - Initialized JPA EntityManagerFactory for persistence unit 'default'
2024-10-11 12:22:36 [main] WARN  org.springframework.boot.autoconfigure.orm.jpa.JpaBaseConfiguration$JpaWebConfiguration - spring.jpa.open-in-view is enabled by default. Therefore, database queries may be performed during view rendering. Explicitly configure spring.jpa.open-in-view to disable this warning
2024-10-11 12:22:36 [main] INFO  org.springframework.security.config.annotation.authentication.configuration.InitializeUserDetailsBeanManagerConfigurer$InitializeUserDetailsManagerConfigurer - Global AuthenticationManager configured with UserDetailsService bean with name customUserDetailsService
2024-10-11 12:22:37 [main] INFO  org.apache.coyote.http11.Http11NioProtocol - Starting ProtocolHandler ["http-nio-8080"]
2024-10-11 12:22:37 [main] INFO  org.springframework.boot.web.embedded.tomcat.TomcatWebServer - Tomcat started on port 8080 (http) with context path '/'
2024-10-11 12:22:37 [main] INFO  com.shop.shop.management.ShopManagementApplication - Started ShopManagementApplication in 1.526 seconds (process running for 1.821)
2024-10-11 12:22:41 [http-nio-8080-exec-1] INFO  org.apache.catalina.core.ContainerBase.[Tomcat].[localhost].[/] - Initializing Spring DispatcherServlet 'dispatcherServlet'
2024-10-11 12:22:41 [http-nio-8080-exec-1] INFO  org.springframework.web.servlet.DispatcherServlet - Initializing Servlet 'dispatcherServlet'
2024-10-11 12:22:41 [http-nio-8080-exec-1] INFO  org.springframework.web.servlet.DispatcherServlet - Completed initialization in 1 ms
2024-10-11 12:22:41 [http-nio-8080-exec-1] INFO  com.shop.shop.management.domain.choreographer.ProductChoreographer - User user2 with ADMIN role
2024-10-11 12:22:41 [http-nio-8080-exec-1] INFO  com.shop.shop.management.domain.service.ProductService - Fetching product Ciocolata
2024-10-11 12:23:06 [SpringApplicationShutdownHook] INFO  org.springframework.orm.jpa.LocalContainerEntityManagerFactoryBean - Closing JPA EntityManagerFactory for persistence unit 'default'
2024-10-11 12:23:06 [SpringApplicationShutdownHook] INFO  com.zaxxer.hikari.HikariDataSource - HikariPool-1 - Shutdown initiated...
2024-10-11 12:23:06 [SpringApplicationShutdownHook] INFO  com.zaxxer.hikari.HikariDataSource - HikariPool-1 - Shutdown completed.
